[debug] [2025-04-24T11:38:36.477Z] ----------------------------------------------------------------------
[debug] [2025-04-24T11:38:36.484Z] Command:       /usr/local/bin/node /usr/local/bin/firebase deploy --only functions:get_novelai_tokens
[debug] [2025-04-24T11:38:36.484Z] CLI Version:   13.32.0
[debug] [2025-04-24T11:38:36.484Z] Platform:      darwin
[debug] [2025-04-24T11:38:36.484Z] Node Version:  v22.14.0
[debug] [2025-04-24T11:38:36.485Z] Time:          Thu Apr 24 2025 20:38:36 GMT+0900 (Korean Standard Time)
[debug] [2025-04-24T11:38:36.485Z] ----------------------------------------------------------------------
[debug] 
[debug] [2025-04-24T11:38:36.582Z] > command requires scopes: ["email","openid","https://www.googleapis.com/auth/cloudplatformprojects.readonly","https://www.googleapis.com/auth/firebase","https://www.googleapis.com/auth/cloud-platform"]
[debug] [2025-04-24T11:38:36.582Z] > authorizing via signed-in user (kim990321@gmail.com)
[debug] [2025-04-24T11:38:36.582Z] [iam] checking project nai-login for permissions ["cloudfunctions.functions.create","cloudfunctions.functions.delete","cloudfunctions.functions.get","cloudfunctions.functions.list","cloudfunctions.functions.update","cloudfunctions.operations.get","firebase.projects.get"]
[debug] [2025-04-24T11:38:36.583Z] Checked if tokens are valid: true, expires at: 1745497384329
[debug] [2025-04-24T11:38:36.583Z] Checked if tokens are valid: true, expires at: 1745497384329
[debug] [2025-04-24T11:38:36.584Z] >>> [apiv2][query] POST https://cloudresourcemanager.googleapis.com/v1/projects/nai-login:testIamPermissions [none]
[debug] [2025-04-24T11:38:36.584Z] >>> [apiv2][(partial)header] POST https://cloudresourcemanager.googleapis.com/v1/projects/nai-login:testIamPermissions x-goog-quota-user=projects/nai-login
[debug] [2025-04-24T11:38:36.584Z] >>> [apiv2][body] POST https://cloudresourcemanager.googleapis.com/v1/projects/nai-login:testIamPermissions {"permissions":["cloudfunctions.functions.create","cloudfunctions.functions.delete","cloudfunctions.functions.get","cloudfunctions.functions.list","cloudfunctions.functions.update","cloudfunctions.operations.get","firebase.projects.get"]}
[debug] [2025-04-24T11:38:37.492Z] <<< [apiv2][status] POST https://cloudresourcemanager.googleapis.com/v1/projects/nai-login:testIamPermissions 200
[debug] [2025-04-24T11:38:37.503Z] <<< [apiv2][body] POST https://cloudresourcemanager.googleapis.com/v1/projects/nai-login:testIamPermissions {"permissions":["cloudfunctions.functions.create","cloudfunctions.functions.delete","cloudfunctions.functions.get","cloudfunctions.functions.list","cloudfunctions.functions.update","cloudfunctions.operations.get","firebase.projects.get"]}
[debug] [2025-04-24T11:38:37.510Z] Checked if tokens are valid: true, expires at: 1745497384329
[debug] [2025-04-24T11:38:37.510Z] Checked if tokens are valid: true, expires at: 1745497384329
[debug] [2025-04-24T11:38:37.511Z] >>> [apiv2][query] POST https://iam.googleapis.com/v1/projects/nai-login/serviceAccounts/nai-login@appspot.gserviceaccount.com:testIamPermissions [none]
[debug] [2025-04-24T11:38:37.511Z] >>> [apiv2][body] POST https://iam.googleapis.com/v1/projects/nai-login/serviceAccounts/nai-login@appspot.gserviceaccount.com:testIamPermissions {"permissions":["iam.serviceAccounts.actAs"]}
[debug] [2025-04-24T11:38:38.587Z] <<< [apiv2][status] POST https://iam.googleapis.com/v1/projects/nai-login/serviceAccounts/nai-login@appspot.gserviceaccount.com:testIamPermissions 200
[debug] [2025-04-24T11:38:38.587Z] <<< [apiv2][body] POST https://iam.googleapis.com/v1/projects/nai-login/serviceAccounts/nai-login@appspot.gserviceaccount.com:testIamPermissions {"permissions":["iam.serviceAccounts.actAs"]}
[info] 
[info] === Deploying to 'nai-login'...
[info] 
[info] i  deploying functions 
[debug] [2025-04-24T11:38:38.591Z] Checked if tokens are valid: true, expires at: 1745497384329
[debug] [2025-04-24T11:38:38.591Z] Checked if tokens are valid: true, expires at: 1745497384329
[debug] [2025-04-24T11:38:38.591Z] >>> [apiv2][query] GET https://cloudresourcemanager.googleapis.com/v1/projects/nai-login [none]
[debug] [2025-04-24T11:38:38.800Z] <<< [apiv2][status] GET https://cloudresourcemanager.googleapis.com/v1/projects/nai-login 200
[debug] [2025-04-24T11:38:38.800Z] <<< [apiv2][body] GET https://cloudresourcemanager.googleapis.com/v1/projects/nai-login {"projectNumber":"770510739912","projectId":"nai-login","lifecycleState":"ACTIVE","name":"NAI Login","labels":{"firebase":"enabled","firebase-core":"disabled"},"createTime":"2025-04-24T10:33:57.905439Z"}
[info] i  functions: preparing codebase default for deployment 
[info] i  functions: ensuring required API cloudfunctions.googleapis.com is enabled... 
[debug] [2025-04-24T11:38:38.801Z] Checked if tokens are valid: true, expires at: 1745497384329
[debug] [2025-04-24T11:38:38.801Z] Checked if tokens are valid: true, expires at: 1745497384329
[debug] [2025-04-24T11:38:38.801Z] Checked if tokens are valid: true, expires at: 1745497384329
[debug] [2025-04-24T11:38:38.801Z] Checked if tokens are valid: true, expires at: 1745497384329
[info] i  functions: ensuring required API cloudbuild.googleapis.com is enabled... 
[debug] [2025-04-24T11:38:38.801Z] Checked if tokens are valid: true, expires at: 1745497384329
[debug] [2025-04-24T11:38:38.801Z] Checked if tokens are valid: true, expires at: 1745497384329
[info] i  artifactregistry: ensuring required API artifactregistry.googleapis.com is enabled... 
[debug] [2025-04-24T11:38:38.801Z] Checked if tokens are valid: true, expires at: 1745497384329
[debug] [2025-04-24T11:38:38.801Z] Checked if tokens are valid: true, expires at: 1745497384329
[debug] [2025-04-24T11:38:38.801Z] >>> [apiv2][query] GET https://serviceusage.googleapis.com/v1/projects/nai-login/services/cloudfunctions.googleapis.com [none]
[debug] [2025-04-24T11:38:38.801Z] >>> [apiv2][(partial)header] GET https://serviceusage.googleapis.com/v1/projects/nai-login/services/cloudfunctions.googleapis.com x-goog-quota-user=projects/nai-login
[debug] [2025-04-24T11:38:38.802Z] >>> [apiv2][query] GET https://serviceusage.googleapis.com/v1/projects/nai-login/services/runtimeconfig.googleapis.com [none]
[debug] [2025-04-24T11:38:38.802Z] >>> [apiv2][(partial)header] GET https://serviceusage.googleapis.com/v1/projects/nai-login/services/runtimeconfig.googleapis.com x-goog-quota-user=projects/nai-login
[debug] [2025-04-24T11:38:38.803Z] >>> [apiv2][query] GET https://serviceusage.googleapis.com/v1/projects/nai-login/services/cloudbuild.googleapis.com [none]
[debug] [2025-04-24T11:38:38.803Z] >>> [apiv2][(partial)header] GET https://serviceusage.googleapis.com/v1/projects/nai-login/services/cloudbuild.googleapis.com x-goog-quota-user=projects/nai-login
[debug] [2025-04-24T11:38:38.803Z] >>> [apiv2][query] GET https://serviceusage.googleapis.com/v1/projects/nai-login/services/artifactregistry.googleapis.com [none]
[debug] [2025-04-24T11:38:38.803Z] >>> [apiv2][(partial)header] GET https://serviceusage.googleapis.com/v1/projects/nai-login/services/artifactregistry.googleapis.com x-goog-quota-user=projects/nai-login
[debug] [2025-04-24T11:38:39.914Z] <<< [apiv2][status] GET https://serviceusage.googleapis.com/v1/projects/nai-login/services/runtimeconfig.googleapis.com 200
[debug] [2025-04-24T11:38:39.915Z] <<< [apiv2][body] GET https://serviceusage.googleapis.com/v1/projects/nai-login/services/runtimeconfig.googleapis.com [omitted]
[debug] [2025-04-24T11:38:39.916Z] <<< [apiv2][status] GET https://serviceusage.googleapis.com/v1/projects/nai-login/services/cloudbuild.googleapis.com 200
[debug] [2025-04-24T11:38:39.916Z] <<< [apiv2][body] GET https://serviceusage.googleapis.com/v1/projects/nai-login/services/cloudbuild.googleapis.com [omitted]
[info] ✔  functions: required API cloudbuild.googleapis.com is enabled 
[debug] [2025-04-24T11:38:39.923Z] <<< [apiv2][status] GET https://serviceusage.googleapis.com/v1/projects/nai-login/services/cloudfunctions.googleapis.com 200
[debug] [2025-04-24T11:38:39.923Z] <<< [apiv2][body] GET https://serviceusage.googleapis.com/v1/projects/nai-login/services/cloudfunctions.googleapis.com [omitted]
[info] ✔  functions: required API cloudfunctions.googleapis.com is enabled 
[debug] [2025-04-24T11:38:39.924Z] <<< [apiv2][status] GET https://serviceusage.googleapis.com/v1/projects/nai-login/services/artifactregistry.googleapis.com 200
[debug] [2025-04-24T11:38:39.924Z] <<< [apiv2][body] GET https://serviceusage.googleapis.com/v1/projects/nai-login/services/artifactregistry.googleapis.com [omitted]
[info] ✔  artifactregistry: required API artifactregistry.googleapis.com is enabled 
[debug] [2025-04-24T11:38:39.924Z] Checked if tokens are valid: true, expires at: 1745497384329
[debug] [2025-04-24T11:38:39.924Z] Checked if tokens are valid: true, expires at: 1745497384329
[debug] [2025-04-24T11:38:39.925Z] >>> [apiv2][query] GET https://firebase.googleapis.com/v1beta1/projects/nai-login/adminSdkConfig [none]
[debug] [2025-04-24T11:38:40.419Z] <<< [apiv2][status] GET https://firebase.googleapis.com/v1beta1/projects/nai-login/adminSdkConfig 200
[debug] [2025-04-24T11:38:40.420Z] <<< [apiv2][body] GET https://firebase.googleapis.com/v1beta1/projects/nai-login/adminSdkConfig {"projectId":"nai-login","storageBucket":"nai-login.firebasestorage.app"}
[debug] [2025-04-24T11:38:40.421Z] Checked if tokens are valid: true, expires at: 1745497384329
[debug] [2025-04-24T11:38:40.422Z] Checked if tokens are valid: true, expires at: 1745497384329
[debug] [2025-04-24T11:38:40.422Z] >>> [apiv2][query] GET https://runtimeconfig.googleapis.com/v1beta1/projects/nai-login/configs [none]
[debug] [2025-04-24T11:38:40.870Z] <<< [apiv2][status] GET https://runtimeconfig.googleapis.com/v1beta1/projects/nai-login/configs 200
[debug] [2025-04-24T11:38:40.870Z] <<< [apiv2][body] GET https://runtimeconfig.googleapis.com/v1beta1/projects/nai-login/configs {}
[debug] [2025-04-24T11:38:40.929Z] Customer code is not Node
[debug] [2025-04-24T11:38:40.938Z] Validating python source
[debug] [2025-04-24T11:38:40.940Z] Building python source
[info] i  functions: Loading and analyzing source code for codebase default to determine what to deploy 
[debug] [2025-04-24T11:38:40.944Z] Could not find functions.yaml. Must use http discovery
[debug] [2025-04-24T11:38:40.964Z] Running command with virtualenv: command=., args=["\"/Users/junhyukkim/GitHub/interTravel/functions/venv/bin/activate\"","&&","python3.12","-c","\"import firebase_functions; import os; print(os.path.dirname(firebase_functions.__file__))\""]
[debug] [2025-04-24T11:38:41.130Z] stdout: /Users/junhyukkim/GitHub/interTravel/functions/venv/lib/python3.12/site-packages/firebase_functions

[debug] [2025-04-24T11:38:41.134Z] Running admin server with args: ["python3.12","\"/Users/junhyukkim/GitHub/interTravel/functions/venv/lib/python3.12/site-packages/firebase_functions/private/serving.py\""] and env: {"FIREBASE_CONFIG":"{\"projectId\":\"nai-login\",\"storageBucket\":\"nai-login.firebasestorage.app\"}","GCLOUD_PROJECT":"nai-login","GOOGLE_CLOUD_QUOTA_PROJECT":"nai-login","ADMIN_PORT":"8081"} in /Users/junhyukkim/GitHub/interTravel/functions
[debug] [2025-04-24T11:38:41.134Z] Running command with virtualenv: command=., args=["\"/Users/junhyukkim/GitHub/interTravel/functions/venv/bin/activate\"","&&","python3.12","\"/Users/junhyukkim/GitHub/interTravel/functions/venv/lib/python3.12/site-packages/firebase_functions/private/serving.py\""]
[info]  * Serving Flask app 'serving'
 * Debug mode: off

[error] WARNING: This is a development server. Do not use it in a production deployment. Use a production WSGI server instead.
 * Running on http://127.0.0.1:8081
Press CTRL+C to quit

[error] 127.0.0.1 - - [24/Apr/2025 20:38:42] "GET /__/functions.yaml HTTP/1.1" 200 -

[debug] [2025-04-24T11:38:42.235Z] Got response from /__/functions.yaml endpoints:
  get_novelai_tokens:
    availableMemoryMb: null
    concurrency: null
    entryPoint: get_novelai_tokens
    httpsTrigger: {}
    ingressSettings: null
    labels: {}
    maxInstances: null
    minInstances: null
    platform: gcfv2
    secretEnvironmentVariables: []
    serviceAccountEmail: null
    timeoutSeconds: null
params: []
requiredAPIs: []
specVersion: v1alpha1

[error] 127.0.0.1 - - [24/Apr/2025 20:38:42] "GET /__/quitquitquit HTTP/1.1" 200 -

[error] /bin/sh: line 1: 78343 Terminated: 15          python3.12 "/Users/junhyukkim/GitHub/interTravel/functions/venv/lib/python3.12/site-packages/firebase_functions/private/serving.py"

[info] i  functions: preparing functions directory for uploading... 
[info] i  functions: packaged /Users/junhyukkim/GitHub/interTravel/functions (6.38 KB) for uploading 
[debug] [2025-04-24T11:38:42.271Z] Checked if tokens are valid: true, expires at: 1745497384329
[debug] [2025-04-24T11:38:42.271Z] Checked if tokens are valid: true, expires at: 1745497384329
[debug] [2025-04-24T11:38:42.271Z] >>> [apiv2][query] GET https://cloudfunctions.googleapis.com/v1/projects/nai-login/locations/-/functions [none]
[debug] [2025-04-24T11:38:43.272Z] <<< [apiv2][status] GET https://cloudfunctions.googleapis.com/v1/projects/nai-login/locations/-/functions 200
[debug] [2025-04-24T11:38:43.272Z] <<< [apiv2][body] GET https://cloudfunctions.googleapis.com/v1/projects/nai-login/locations/-/functions {}
[debug] [2025-04-24T11:38:43.273Z] Checked if tokens are valid: true, expires at: 1745497384329
[debug] [2025-04-24T11:38:43.274Z] Checked if tokens are valid: true, expires at: 1745497384329
[debug] [2025-04-24T11:38:43.274Z] >>> [apiv2][query] GET https://cloudfunctions.googleapis.com/v2/projects/nai-login/locations/-/functions filter=environment%3D%22GEN_2%22
[debug] [2025-04-24T11:38:44.619Z] <<< [apiv2][status] GET https://cloudfunctions.googleapis.com/v2/projects/nai-login/locations/-/functions 200
[debug] [2025-04-24T11:38:44.619Z] <<< [apiv2][body] GET https://cloudfunctions.googleapis.com/v2/projects/nai-login/locations/-/functions {"functions":[{"name":"projects/nai-login/locations/us-central1/functions/get_novelai_tokens","buildConfig":{"build":"projects/770510739912/locations/us-central1/builds/79a4f787-b173-46f2-b744-31245da6a483","runtime":"python312","entryPoint":"get_novelai_tokens","source":{"storageSource":{"bucket":"gcf-v2-sources-770510739912-us-central1","object":"get_novelai_tokens/function-source.zip","generation":"1745494523412970"}},"environmentVariables":{"GOOGLE_NODE_RUN_SCRIPTS":""},"dockerRepository":"projects/nai-login/locations/us-central1/repositories/gcf-artifacts","sourceProvenance":{"resolvedStorageSource":{"bucket":"gcf-v2-sources-770510739912-us-central1","object":"get_novelai_tokens/function-source.zip","generation":"1745494523412970"}},"dockerRegistry":"ARTIFACT_REGISTRY","serviceAccount":"projects/nai-login/serviceAccounts/770510739912-compute@developer.gserviceaccount.com","automaticUpdatePolicy":{}},"state":"FAILED","updateTime":"2025-04-24T11:36:25.634131063Z","labels":{"deployment-tool":"cli-firebase","firebase-functions-hash":"bcda63182b918dc026b52a23240667f6b856899c"},"stateMessages":[{"severity":"ERROR","type":"CloudRunServiceNotFound","message":"Cloud Run service projects/nai-login/locations/us-central1/services/get-novelai-tokens for the function was not found. The function will not work correctly. Please redeploy."}],"environment":"GEN_2","url":"https://us-central1-nai-login.cloudfunctions.net/get_novelai_tokens","createTime":"2025-04-24T11:35:23.659760582Z","satisfiesPzi":true}]}
[info] i  functions: ensuring required API run.googleapis.com is enabled... 
[debug] [2025-04-24T11:38:44.625Z] Checked if tokens are valid: true, expires at: 1745497384329
[debug] [2025-04-24T11:38:44.625Z] Checked if tokens are valid: true, expires at: 1745497384329
[info] i  functions: ensuring required API eventarc.googleapis.com is enabled... 
[debug] [2025-04-24T11:38:44.625Z] Checked if tokens are valid: true, expires at: 1745497384329
[debug] [2025-04-24T11:38:44.625Z] Checked if tokens are valid: true, expires at: 1745497384329
[info] i  functions: ensuring required API pubsub.googleapis.com is enabled... 
[debug] [2025-04-24T11:38:44.625Z] Checked if tokens are valid: true, expires at: 1745497384329
[debug] [2025-04-24T11:38:44.625Z] Checked if tokens are valid: true, expires at: 1745497384329
[info] i  functions: ensuring required API storage.googleapis.com is enabled... 
[debug] [2025-04-24T11:38:44.626Z] Checked if tokens are valid: true, expires at: 1745497384329
[debug] [2025-04-24T11:38:44.626Z] Checked if tokens are valid: true, expires at: 1745497384329
[debug] [2025-04-24T11:38:44.626Z] >>> [apiv2][query] GET https://serviceusage.googleapis.com/v1/projects/nai-login/services/run.googleapis.com [none]
[debug] [2025-04-24T11:38:44.626Z] >>> [apiv2][(partial)header] GET https://serviceusage.googleapis.com/v1/projects/nai-login/services/run.googleapis.com x-goog-quota-user=projects/nai-login
[debug] [2025-04-24T11:38:44.627Z] >>> [apiv2][query] GET https://serviceusage.googleapis.com/v1/projects/nai-login/services/eventarc.googleapis.com [none]
[debug] [2025-04-24T11:38:44.627Z] >>> [apiv2][(partial)header] GET https://serviceusage.googleapis.com/v1/projects/nai-login/services/eventarc.googleapis.com x-goog-quota-user=projects/nai-login
[debug] [2025-04-24T11:38:44.627Z] >>> [apiv2][query] GET https://serviceusage.googleapis.com/v1/projects/nai-login/services/pubsub.googleapis.com [none]
[debug] [2025-04-24T11:38:44.627Z] >>> [apiv2][(partial)header] GET https://serviceusage.googleapis.com/v1/projects/nai-login/services/pubsub.googleapis.com x-goog-quota-user=projects/nai-login
[debug] [2025-04-24T11:38:44.628Z] >>> [apiv2][query] GET https://serviceusage.googleapis.com/v1/projects/nai-login/services/storage.googleapis.com [none]
[debug] [2025-04-24T11:38:44.628Z] >>> [apiv2][(partial)header] GET https://serviceusage.googleapis.com/v1/projects/nai-login/services/storage.googleapis.com x-goog-quota-user=projects/nai-login
[debug] [2025-04-24T11:38:44.953Z] <<< [apiv2][status] GET https://serviceusage.googleapis.com/v1/projects/nai-login/services/eventarc.googleapis.com 200
[debug] [2025-04-24T11:38:44.953Z] <<< [apiv2][body] GET https://serviceusage.googleapis.com/v1/projects/nai-login/services/eventarc.googleapis.com [omitted]
[info] ✔  functions: required API eventarc.googleapis.com is enabled 
[debug] [2025-04-24T11:38:44.954Z] <<< [apiv2][status] GET https://serviceusage.googleapis.com/v1/projects/nai-login/services/run.googleapis.com 200
[debug] [2025-04-24T11:38:44.954Z] <<< [apiv2][body] GET https://serviceusage.googleapis.com/v1/projects/nai-login/services/run.googleapis.com [omitted]
[info] ✔  functions: required API run.googleapis.com is enabled 
[debug] [2025-04-24T11:38:44.968Z] <<< [apiv2][status] GET https://serviceusage.googleapis.com/v1/projects/nai-login/services/pubsub.googleapis.com 200
[debug] [2025-04-24T11:38:44.968Z] <<< [apiv2][body] GET https://serviceusage.googleapis.com/v1/projects/nai-login/services/pubsub.googleapis.com [omitted]
[info] ✔  functions: required API pubsub.googleapis.com is enabled 
[debug] [2025-04-24T11:38:44.969Z] <<< [apiv2][status] GET https://serviceusage.googleapis.com/v1/projects/nai-login/services/storage.googleapis.com 200
[debug] [2025-04-24T11:38:44.969Z] <<< [apiv2][body] GET https://serviceusage.googleapis.com/v1/projects/nai-login/services/storage.googleapis.com [omitted]
[info] ✔  functions: required API storage.googleapis.com is enabled 
[info] i  functions: generating the service identity for pubsub.googleapis.com... 
[debug] [2025-04-24T11:38:44.969Z] Checked if tokens are valid: true, expires at: 1745497384329
[debug] [2025-04-24T11:38:44.969Z] Checked if tokens are valid: true, expires at: 1745497384329
[info] i  functions: generating the service identity for eventarc.googleapis.com... 
[debug] [2025-04-24T11:38:44.969Z] Checked if tokens are valid: true, expires at: 1745497384329
[debug] [2025-04-24T11:38:44.970Z] Checked if tokens are valid: true, expires at: 1745497384329
[debug] [2025-04-24T11:38:44.970Z] >>> [apiv2][query] POST https://serviceusage.googleapis.com/v1beta1/projects/770510739912/services/pubsub.googleapis.com:generateServiceIdentity [none]
[debug] [2025-04-24T11:38:44.970Z] >>> [apiv2][query] POST https://serviceusage.googleapis.com/v1beta1/projects/770510739912/services/eventarc.googleapis.com:generateServiceIdentity [none]
[debug] [2025-04-24T11:38:45.635Z] <<< [apiv2][status] POST https://serviceusage.googleapis.com/v1beta1/projects/770510739912/services/eventarc.googleapis.com:generateServiceIdentity 200
[debug] [2025-04-24T11:38:45.635Z] <<< [apiv2][body] POST https://serviceusage.googleapis.com/v1beta1/projects/770510739912/services/eventarc.googleapis.com:generateServiceIdentity {"name":"operations/finished.DONE_OPERATION","done":true,"response":{"@type":"type.googleapis.com/google.api.serviceusage.v1beta1.ServiceIdentity","email":"service-770510739912@gcp-sa-eventarc.iam.gserviceaccount.com","uniqueId":"112521015467385484934"}}
[debug] [2025-04-24T11:38:45.660Z] <<< [apiv2][status] POST https://serviceusage.googleapis.com/v1beta1/projects/770510739912/services/pubsub.googleapis.com:generateServiceIdentity 200
[debug] [2025-04-24T11:38:45.660Z] <<< [apiv2][body] POST https://serviceusage.googleapis.com/v1beta1/projects/770510739912/services/pubsub.googleapis.com:generateServiceIdentity {"name":"operations/finished.DONE_OPERATION","done":true,"response":{"@type":"type.googleapis.com/google.api.serviceusage.v1beta1.ServiceIdentity","email":"service-770510739912@gcp-sa-pubsub.iam.gserviceaccount.com","uniqueId":"107617544309196381638"}}
[debug] [2025-04-24T11:38:45.661Z] Checked if tokens are valid: true, expires at: 1745497384329
[debug] [2025-04-24T11:38:45.661Z] Checked if tokens are valid: true, expires at: 1745497384329
[debug] [2025-04-24T11:38:45.662Z] >>> [apiv2][query] GET https://cloudresourcemanager.googleapis.com/v1/projects/nai-login [none]
[debug] [2025-04-24T11:38:46.560Z] <<< [apiv2][status] GET https://cloudresourcemanager.googleapis.com/v1/projects/nai-login 200
[debug] [2025-04-24T11:38:46.560Z] <<< [apiv2][body] GET https://cloudresourcemanager.googleapis.com/v1/projects/nai-login {"projectNumber":"770510739912","projectId":"nai-login","lifecycleState":"ACTIVE","name":"NAI Login","labels":{"firebase":"enabled","firebase-core":"disabled"},"createTime":"2025-04-24T10:33:57.905439Z"}
[debug] [2025-04-24T11:38:46.561Z] Checked if tokens are valid: true, expires at: 1745497384329
[debug] [2025-04-24T11:38:46.561Z] Checked if tokens are valid: true, expires at: 1745497384329
[debug] [2025-04-24T11:38:46.562Z] >>> [apiv2][query] POST https://cloudfunctions.googleapis.com/v2/projects/nai-login/locations/us-central1/functions:generateUploadUrl [none]
[debug] [2025-04-24T11:38:47.711Z] <<< [apiv2][status] POST https://cloudfunctions.googleapis.com/v2/projects/nai-login/locations/us-central1/functions:generateUploadUrl 200
[debug] [2025-04-24T11:38:47.711Z] <<< [apiv2][body] POST https://cloudfunctions.googleapis.com/v2/projects/nai-login/locations/us-central1/functions:generateUploadUrl {"uploadUrl":"https://storage.googleapis.com/gcf-v2-uploads-770510739912.us-central1.cloudfunctions.appspot.com/ebcd9b41-4cdc-49cf-a445-ffb5111eaf70.zip?GoogleAccessId=service-770510739912@gcf-admin-robot.iam.gserviceaccount.com&Expires=1745496527&Signature=AIRMaPGUbGCKVuJ%2Bsbfj5fcqOPvsX09jmT9WrMAsPFbKVVHX8RCXL9UQZVK0TTo%2FUw%2FKSu%2FI1ho6OpUTMvKHDtFU9dfLXID%2FmVf8otuJUoTu01E1PkBHXkukCYWZGwZLbEg5jAw130Xcwq%2FICyaemxgbr6pcFkZllJ1dNG893kzb%2BPIrUJrvmv6brS%2BnjRcl41xOSoIFHc0ZAR8CxNDjjq1i9Tc4WTjoVaom3qHBYm7fhpp6mMd7hnQMCHRCyOHYndM4GAsrZkBxFyQv%2FsH%2BfvGbMa9LBDO2sNnw2UHA78iG%2FgGic1iUx9l3DIBXvl3amJS3lJBthYZjXfDXhT7GnQ%3D%3D","storageSource":{"bucket":"gcf-v2-uploads-770510739912.us-central1.cloudfunctions.appspot.com","object":"ebcd9b41-4cdc-49cf-a445-ffb5111eaf70.zip"}}
[debug] [2025-04-24T11:38:47.713Z] >>> [apiv2][query] PUT https://storage.googleapis.com/gcf-v2-uploads-770510739912.us-central1.cloudfunctions.appspot.com/ebcd9b41-4cdc-49cf-a445-ffb5111eaf70.zip GoogleAccessId=service-770510739912%40gcf-admin-robot.iam.gserviceaccount.com&Expires=1745496527&Signature=AIRMaPGUbGCKVuJ%2Bsbfj5fcqOPvsX09jmT9WrMAsPFbKVVHX8RCXL9UQZVK0TTo%2FUw%2FKSu%2FI1ho6OpUTMvKHDtFU9dfLXID%2FmVf8otuJUoTu01E1PkBHXkukCYWZGwZLbEg5jAw130Xcwq%2FICyaemxgbr6pcFkZllJ1dNG893kzb%2BPIrUJrvmv6brS%2BnjRcl41xOSoIFHc0ZAR8CxNDjjq1i9Tc4WTjoVaom3qHBYm7fhpp6mMd7hnQMCHRCyOHYndM4GAsrZkBxFyQv%2FsH%2BfvGbMa9LBDO2sNnw2UHA78iG%2FgGic1iUx9l3DIBXvl3amJS3lJBthYZjXfDXhT7GnQ%3D%3D
[debug] [2025-04-24T11:38:47.713Z] >>> [apiv2][body] PUT https://storage.googleapis.com/gcf-v2-uploads-770510739912.us-central1.cloudfunctions.appspot.com/ebcd9b41-4cdc-49cf-a445-ffb5111eaf70.zip [stream]
[debug] [2025-04-24T11:38:48.327Z] <<< [apiv2][status] PUT https://storage.googleapis.com/gcf-v2-uploads-770510739912.us-central1.cloudfunctions.appspot.com/ebcd9b41-4cdc-49cf-a445-ffb5111eaf70.zip 200
[debug] [2025-04-24T11:38:48.327Z] <<< [apiv2][body] PUT https://storage.googleapis.com/gcf-v2-uploads-770510739912.us-central1.cloudfunctions.appspot.com/ebcd9b41-4cdc-49cf-a445-ffb5111eaf70.zip [omitted]
[info] ✔  functions: functions folder uploaded successfully 
[info] i  functions: updating Python 3.12 (2nd Gen) function get_novelai_tokens(us-central1)... 
[debug] [2025-04-24T11:38:48.332Z] Checked if tokens are valid: true, expires at: 1745497384329
[debug] [2025-04-24T11:38:48.332Z] Checked if tokens are valid: true, expires at: 1745497384329
[debug] [2025-04-24T11:38:48.333Z] >>> [apiv2][query] PATCH https://cloudfunctions.googleapis.com/v2/projects/nai-login/locations/us-central1/functions/get_novelai_tokens updateMask=name%2CbuildConfig.runtime%2CbuildConfig.entryPoint%2CbuildConfig.source.storageSource.bucket%2CbuildConfig.source.storageSource.object%2CbuildConfig.environmentVariables%2CbuildConfig.sourceToken%2CserviceConfig.environmentVariables%2CserviceConfig.secretEnvironmentVariables%2CserviceConfig.ingressSettings%2CserviceConfig.timeoutSeconds%2CserviceConfig.serviceAccountEmail%2CserviceConfig.availableMemory%2CserviceConfig.minInstanceCount%2CserviceConfig.maxInstanceCount%2CserviceConfig.maxInstanceRequestConcurrency%2CserviceConfig.availableCpu%2Clabels%2CbuildConfig.buildEnvironmentVariables
[debug] [2025-04-24T11:38:48.333Z] >>> [apiv2][body] PATCH https://cloudfunctions.googleapis.com/v2/projects/nai-login/locations/us-central1/functions/get_novelai_tokens {"name":"projects/nai-login/locations/us-central1/functions/get_novelai_tokens","buildConfig":{"runtime":"python312","entryPoint":"get_novelai_tokens","source":{"storageSource":{"bucket":"gcf-v2-uploads-770510739912.us-central1.cloudfunctions.appspot.com","object":"ebcd9b41-4cdc-49cf-a445-ffb5111eaf70.zip"}},"environmentVariables":{"GOOGLE_NODE_RUN_SCRIPTS":""}},"serviceConfig":{"environmentVariables":{"FIREBASE_CONFIG":"{\"projectId\":\"nai-login\",\"storageBucket\":\"nai-login.firebasestorage.app\"}","GCLOUD_PROJECT":"nai-login","EVENTARC_CLOUD_EVENT_SOURCE":"projects/nai-login/locations/us-central1/services/get_novelai_tokens","FUNCTION_TARGET":"get_novelai_tokens"},"secretEnvironmentVariables":[],"ingressSettings":null,"timeoutSeconds":null,"serviceAccountEmail":null,"availableMemory":"256Mi","minInstanceCount":null,"maxInstanceCount":null,"maxInstanceRequestConcurrency":80,"availableCpu":"1"},"labels":{"deployment-tool":"cli-firebase","firebase-functions-hash":"bcda63182b918dc026b52a23240667f6b856899c"}}
[debug] [2025-04-24T11:38:50.112Z] <<< [apiv2][status] PATCH https://cloudfunctions.googleapis.com/v2/projects/nai-login/locations/us-central1/functions/get_novelai_tokens 200
[debug] [2025-04-24T11:38:50.112Z] <<< [apiv2][body] PATCH https://cloudfunctions.googleapis.com/v2/projects/nai-login/locations/us-central1/functions/get_novelai_tokens {"name":"projects/nai-login/locations/us-central1/operations/operation-1745494729312-63384a94c489a-63ca98ec-3bd0c236","metadata":{"@type":"type.googleapis.com/google.cloud.functions.v2.OperationMetadata","createTime":"2025-04-24T11:38:49.995642960Z","target":"projects/nai-login/locations/us-central1/functions/get_novelai_tokens","verb":"update","cancelRequested":false,"apiVersion":"v2"},"done":false}
[debug] [2025-04-24T11:38:50.113Z] Checked if tokens are valid: true, expires at: 1745497384329
[debug] [2025-04-24T11:38:50.113Z] Checked if tokens are valid: true, expires at: 1745497384329
[debug] [2025-04-24T11:38:50.113Z] >>> [apiv2][query] GET https://cloudfunctions.googleapis.com/v2/projects/nai-login/locations/us-central1/operations/operation-1745494729312-63384a94c489a-63ca98ec-3bd0c236 [none]
[debug] [2025-04-24T11:38:51.168Z] <<< [apiv2][status] GET https://cloudfunctions.googleapis.com/v2/projects/nai-login/locations/us-central1/operations/operation-1745494729312-63384a94c489a-63ca98ec-3bd0c236 200
[debug] [2025-04-24T11:38:51.169Z] <<< [apiv2][body] GET https://cloudfunctions.googleapis.com/v2/projects/nai-login/locations/us-central1/operations/operation-1745494729312-63384a94c489a-63ca98ec-3bd0c236 {"name":"projects/nai-login/locations/us-central1/operations/operation-1745494729312-63384a94c489a-63ca98ec-3bd0c236","metadata":{"@type":"type.googleapis.com/google.cloud.functions.v2.OperationMetadata","createTime":"2025-04-24T11:38:49.995642960Z","target":"projects/nai-login/locations/us-central1/functions/get_novelai_tokens","verb":"update","cancelRequested":false,"apiVersion":"v2","requestResource":{"@type":"type.googleapis.com/google.cloud.functions.v2.Function","name":"projects/nai-login/locations/us-central1/functions/get_novelai_tokens","buildConfig":{"runtime":"python312","entryPoint":"get_novelai_tokens","source":{"storageSource":{"bucket":"gcf-v2-sources-770510739912-us-central1","object":"get_novelai_tokens/function-source.zip","generation":"1745494729933978"}},"environmentVariables":{"GOOGLE_NODE_RUN_SCRIPTS":""},"dockerRepository":"projects/nai-login/locations/us-central1/repositories/gcf-artifacts","sourceProvenance":{"resolvedStorageSource":{"bucket":"gcf-v2-sources-770510739912-us-central1","object":"get_novelai_tokens/function-source.zip","generation":"1745494523412970"}},"dockerRegistry":"ARTIFACT_REGISTRY","serviceAccount":"projects/nai-login/serviceAccounts/770510739912-compute@developer.gserviceaccount.com","automaticUpdatePolicy":{}},"serviceConfig":{"service":"projects/nai-login/locations/us-central1/services/get-novelai-tokens","timeoutSeconds":60,"environmentVariables":{"FIREBASE_CONFIG":"{\"projectId\":\"nai-login\",\"storageBucket\":\"nai-login.firebasestorage.app\"}","GCLOUD_PROJECT":"nai-login","EVENTARC_CLOUD_EVENT_SOURCE":"projects/nai-login/locations/us-central1/services/get_novelai_tokens","FUNCTION_TARGET":"get_novelai_tokens","LOG_EXECUTION_ID":"true"},"ingressSettings":"ALLOW_ALL","serviceAccountEmail":"770510739912-compute@developer.gserviceaccount.com","availableMemory":"256Mi","maxInstanceRequestConcurrency":80,"availableCpu":"1"},"state":"FAILED","labels":{"firebase-functions-hash":"bcda63182b918dc026b52a23240667f6b856899c"},"stateMessages":[{"severity":"ERROR","type":"CloudRunServiceNotFound","message":"Cloud Run service projects/nai-login/locations/us-central1/services/get-novelai-tokens for the function was not found. The function will not work correctly. Please redeploy."}],"environment":"GEN_2","url":"https://us-central1-nai-login.cloudfunctions.net/get_novelai_tokens","satisfiesPzi":true},"stages":[{"name":"BUILD","message":"Build in progress","state":"IN_PROGRESS","resource":"projects/770510739912/locations/us-central1/builds/fb9d5cc8-287e-4029-9e8d-b66ec1a4c4ed","resourceUri":"https://console.cloud.google.com/cloud-build/builds;region=us-central1/fb9d5cc8-287e-4029-9e8d-b66ec1a4c4ed?project=770510739912"},{"name":"SERVICE","state":"NOT_STARTED"}],"operationType":"UPDATE_FUNCTION","buildName":"projects/770510739912/locations/us-central1/builds/fb9d5cc8-287e-4029-9e8d-b66ec1a4c4ed"},"done":false}
[debug] [2025-04-24T11:38:51.671Z] [update-default-us-central1-get_novelai_tokens] Retrying task index 0
[debug] [2025-04-24T11:38:51.672Z] Checked if tokens are valid: true, expires at: 1745497384329
[debug] [2025-04-24T11:38:51.672Z] Checked if tokens are valid: true, expires at: 1745497384329
[debug] [2025-04-24T11:38:51.672Z] >>> [apiv2][query] GET https://cloudfunctions.googleapis.com/v2/projects/nai-login/locations/us-central1/operations/operation-1745494729312-63384a94c489a-63ca98ec-3bd0c236 [none]
[debug] [2025-04-24T11:38:52.712Z] <<< [apiv2][status] GET https://cloudfunctions.googleapis.com/v2/projects/nai-login/locations/us-central1/operations/operation-1745494729312-63384a94c489a-63ca98ec-3bd0c236 200
[debug] [2025-04-24T11:38:52.713Z] <<< [apiv2][body] GET https://cloudfunctions.googleapis.com/v2/projects/nai-login/locations/us-central1/operations/operation-1745494729312-63384a94c489a-63ca98ec-3bd0c236 {"name":"projects/nai-login/locations/us-central1/operations/operation-1745494729312-63384a94c489a-63ca98ec-3bd0c236","metadata":{"@type":"type.googleapis.com/google.cloud.functions.v2.OperationMetadata","createTime":"2025-04-24T11:38:49.995642960Z","target":"projects/nai-login/locations/us-central1/functions/get_novelai_tokens","verb":"update","cancelRequested":false,"apiVersion":"v2","requestResource":{"@type":"type.googleapis.com/google.cloud.functions.v2.Function","name":"projects/nai-login/locations/us-central1/functions/get_novelai_tokens","buildConfig":{"runtime":"python312","entryPoint":"get_novelai_tokens","source":{"storageSource":{"bucket":"gcf-v2-sources-770510739912-us-central1","object":"get_novelai_tokens/function-source.zip","generation":"1745494729933978"}},"environmentVariables":{"GOOGLE_NODE_RUN_SCRIPTS":""},"dockerRepository":"projects/nai-login/locations/us-central1/repositories/gcf-artifacts","sourceProvenance":{"resolvedStorageSource":{"bucket":"gcf-v2-sources-770510739912-us-central1","object":"get_novelai_tokens/function-source.zip","generation":"1745494523412970"}},"dockerRegistry":"ARTIFACT_REGISTRY","serviceAccount":"projects/nai-login/serviceAccounts/770510739912-compute@developer.gserviceaccount.com","automaticUpdatePolicy":{}},"serviceConfig":{"service":"projects/nai-login/locations/us-central1/services/get-novelai-tokens","timeoutSeconds":60,"environmentVariables":{"FIREBASE_CONFIG":"{\"projectId\":\"nai-login\",\"storageBucket\":\"nai-login.firebasestorage.app\"}","GCLOUD_PROJECT":"nai-login","EVENTARC_CLOUD_EVENT_SOURCE":"projects/nai-login/locations/us-central1/services/get_novelai_tokens","FUNCTION_TARGET":"get_novelai_tokens","LOG_EXECUTION_ID":"true"},"ingressSettings":"ALLOW_ALL","serviceAccountEmail":"770510739912-compute@developer.gserviceaccount.com","availableMemory":"256Mi","maxInstanceRequestConcurrency":80,"availableCpu":"1"},"state":"FAILED","labels":{"firebase-functions-hash":"bcda63182b918dc026b52a23240667f6b856899c"},"stateMessages":[{"severity":"ERROR","type":"CloudRunServiceNotFound","message":"Cloud Run service projects/nai-login/locations/us-central1/services/get-novelai-tokens for the function was not found. The function will not work correctly. Please redeploy."}],"environment":"GEN_2","url":"https://us-central1-nai-login.cloudfunctions.net/get_novelai_tokens","satisfiesPzi":true},"stages":[{"name":"BUILD","message":"Build in progress","state":"IN_PROGRESS","resource":"projects/770510739912/locations/us-central1/builds/fb9d5cc8-287e-4029-9e8d-b66ec1a4c4ed","resourceUri":"https://console.cloud.google.com/cloud-build/builds;region=us-central1/fb9d5cc8-287e-4029-9e8d-b66ec1a4c4ed?project=770510739912"},{"name":"SERVICE","state":"NOT_STARTED"}],"operationType":"UPDATE_FUNCTION","buildName":"projects/770510739912/locations/us-central1/builds/fb9d5cc8-287e-4029-9e8d-b66ec1a4c4ed"},"done":false}
[debug] [2025-04-24T11:38:53.714Z] [update-default-us-central1-get_novelai_tokens] Retrying task index 0
[debug] [2025-04-24T11:38:53.715Z] Checked if tokens are valid: true, expires at: 1745497384329
[debug] [2025-04-24T11:38:53.715Z] Checked if tokens are valid: true, expires at: 1745497384329
[debug] [2025-04-24T11:38:53.715Z] >>> [apiv2][query] GET https://cloudfunctions.googleapis.com/v2/projects/nai-login/locations/us-central1/operations/operation-1745494729312-63384a94c489a-63ca98ec-3bd0c236 [none]
[debug] [2025-04-24T11:38:54.852Z] <<< [apiv2][status] GET https://cloudfunctions.googleapis.com/v2/projects/nai-login/locations/us-central1/operations/operation-1745494729312-63384a94c489a-63ca98ec-3bd0c236 200
[debug] [2025-04-24T11:38:54.852Z] <<< [apiv2][body] GET https://cloudfunctions.googleapis.com/v2/projects/nai-login/locations/us-central1/operations/operation-1745494729312-63384a94c489a-63ca98ec-3bd0c236 {"name":"projects/nai-login/locations/us-central1/operations/operation-1745494729312-63384a94c489a-63ca98ec-3bd0c236","metadata":{"@type":"type.googleapis.com/google.cloud.functions.v2.OperationMetadata","createTime":"2025-04-24T11:38:49.995642960Z","target":"projects/nai-login/locations/us-central1/functions/get_novelai_tokens","verb":"update","cancelRequested":false,"apiVersion":"v2","requestResource":{"@type":"type.googleapis.com/google.cloud.functions.v2.Function","name":"projects/nai-login/locations/us-central1/functions/get_novelai_tokens","buildConfig":{"runtime":"python312","entryPoint":"get_novelai_tokens","source":{"storageSource":{"bucket":"gcf-v2-sources-770510739912-us-central1","object":"get_novelai_tokens/function-source.zip","generation":"1745494729933978"}},"environmentVariables":{"GOOGLE_NODE_RUN_SCRIPTS":""},"dockerRepository":"projects/nai-login/locations/us-central1/repositories/gcf-artifacts","sourceProvenance":{"resolvedStorageSource":{"bucket":"gcf-v2-sources-770510739912-us-central1","object":"get_novelai_tokens/function-source.zip","generation":"1745494523412970"}},"dockerRegistry":"ARTIFACT_REGISTRY","serviceAccount":"projects/nai-login/serviceAccounts/770510739912-compute@developer.gserviceaccount.com","automaticUpdatePolicy":{}},"serviceConfig":{"service":"projects/nai-login/locations/us-central1/services/get-novelai-tokens","timeoutSeconds":60,"environmentVariables":{"FIREBASE_CONFIG":"{\"projectId\":\"nai-login\",\"storageBucket\":\"nai-login.firebasestorage.app\"}","GCLOUD_PROJECT":"nai-login","EVENTARC_CLOUD_EVENT_SOURCE":"projects/nai-login/locations/us-central1/services/get_novelai_tokens","FUNCTION_TARGET":"get_novelai_tokens","LOG_EXECUTION_ID":"true"},"ingressSettings":"ALLOW_ALL","serviceAccountEmail":"770510739912-compute@developer.gserviceaccount.com","availableMemory":"256Mi","maxInstanceRequestConcurrency":80,"availableCpu":"1"},"state":"FAILED","labels":{"firebase-functions-hash":"bcda63182b918dc026b52a23240667f6b856899c"},"stateMessages":[{"severity":"ERROR","type":"CloudRunServiceNotFound","message":"Cloud Run service projects/nai-login/locations/us-central1/services/get-novelai-tokens for the function was not found. The function will not work correctly. Please redeploy."}],"environment":"GEN_2","url":"https://us-central1-nai-login.cloudfunctions.net/get_novelai_tokens","satisfiesPzi":true},"stages":[{"name":"BUILD","message":"Build in progress","state":"IN_PROGRESS","resource":"projects/770510739912/locations/us-central1/builds/fb9d5cc8-287e-4029-9e8d-b66ec1a4c4ed","resourceUri":"https://console.cloud.google.com/cloud-build/builds;region=us-central1/fb9d5cc8-287e-4029-9e8d-b66ec1a4c4ed?project=770510739912"},{"name":"SERVICE","state":"NOT_STARTED"}],"operationType":"UPDATE_FUNCTION","buildName":"projects/770510739912/locations/us-central1/builds/fb9d5cc8-287e-4029-9e8d-b66ec1a4c4ed"},"done":false}
[debug] [2025-04-24T11:38:56.854Z] [update-default-us-central1-get_novelai_tokens] Retrying task index 0
[debug] [2025-04-24T11:38:56.865Z] Checked if tokens are valid: true, expires at: 1745497384329
[debug] [2025-04-24T11:38:56.865Z] Checked if tokens are valid: true, expires at: 1745497384329
[debug] [2025-04-24T11:38:56.866Z] >>> [apiv2][query] GET https://cloudfunctions.googleapis.com/v2/projects/nai-login/locations/us-central1/operations/operation-1745494729312-63384a94c489a-63ca98ec-3bd0c236 [none]
[debug] [2025-04-24T11:38:57.996Z] <<< [apiv2][status] GET https://cloudfunctions.googleapis.com/v2/projects/nai-login/locations/us-central1/operations/operation-1745494729312-63384a94c489a-63ca98ec-3bd0c236 200
[debug] [2025-04-24T11:38:57.996Z] <<< [apiv2][body] GET https://cloudfunctions.googleapis.com/v2/projects/nai-login/locations/us-central1/operations/operation-1745494729312-63384a94c489a-63ca98ec-3bd0c236 {"name":"projects/nai-login/locations/us-central1/operations/operation-1745494729312-63384a94c489a-63ca98ec-3bd0c236","metadata":{"@type":"type.googleapis.com/google.cloud.functions.v2.OperationMetadata","createTime":"2025-04-24T11:38:49.995642960Z","target":"projects/nai-login/locations/us-central1/functions/get_novelai_tokens","verb":"update","cancelRequested":false,"apiVersion":"v2","requestResource":{"@type":"type.googleapis.com/google.cloud.functions.v2.Function","name":"projects/nai-login/locations/us-central1/functions/get_novelai_tokens","buildConfig":{"runtime":"python312","entryPoint":"get_novelai_tokens","source":{"storageSource":{"bucket":"gcf-v2-sources-770510739912-us-central1","object":"get_novelai_tokens/function-source.zip","generation":"1745494729933978"}},"environmentVariables":{"GOOGLE_NODE_RUN_SCRIPTS":""},"dockerRepository":"projects/nai-login/locations/us-central1/repositories/gcf-artifacts","sourceProvenance":{"resolvedStorageSource":{"bucket":"gcf-v2-sources-770510739912-us-central1","object":"get_novelai_tokens/function-source.zip","generation":"1745494523412970"}},"dockerRegistry":"ARTIFACT_REGISTRY","serviceAccount":"projects/nai-login/serviceAccounts/770510739912-compute@developer.gserviceaccount.com","automaticUpdatePolicy":{}},"serviceConfig":{"service":"projects/nai-login/locations/us-central1/services/get-novelai-tokens","timeoutSeconds":60,"environmentVariables":{"FIREBASE_CONFIG":"{\"projectId\":\"nai-login\",\"storageBucket\":\"nai-login.firebasestorage.app\"}","GCLOUD_PROJECT":"nai-login","EVENTARC_CLOUD_EVENT_SOURCE":"projects/nai-login/locations/us-central1/services/get_novelai_tokens","FUNCTION_TARGET":"get_novelai_tokens","LOG_EXECUTION_ID":"true"},"ingressSettings":"ALLOW_ALL","serviceAccountEmail":"770510739912-compute@developer.gserviceaccount.com","availableMemory":"256Mi","maxInstanceRequestConcurrency":80,"availableCpu":"1"},"state":"FAILED","labels":{"firebase-functions-hash":"bcda63182b918dc026b52a23240667f6b856899c"},"stateMessages":[{"severity":"ERROR","type":"CloudRunServiceNotFound","message":"Cloud Run service projects/nai-login/locations/us-central1/services/get-novelai-tokens for the function was not found. The function will not work correctly. Please redeploy."}],"environment":"GEN_2","url":"https://us-central1-nai-login.cloudfunctions.net/get_novelai_tokens","satisfiesPzi":true},"stages":[{"name":"BUILD","message":"Build in progress","state":"IN_PROGRESS","resource":"projects/770510739912/locations/us-central1/builds/fb9d5cc8-287e-4029-9e8d-b66ec1a4c4ed","resourceUri":"https://console.cloud.google.com/cloud-build/builds;region=us-central1/fb9d5cc8-287e-4029-9e8d-b66ec1a4c4ed?project=770510739912"},{"name":"SERVICE","state":"NOT_STARTED"}],"operationType":"UPDATE_FUNCTION","buildName":"projects/770510739912/locations/us-central1/builds/fb9d5cc8-287e-4029-9e8d-b66ec1a4c4ed"},"done":false}
[debug] [2025-04-24T11:39:01.997Z] [update-default-us-central1-get_novelai_tokens] Retrying task index 0
[debug] [2025-04-24T11:39:02.001Z] Checked if tokens are valid: true, expires at: 1745497384329
[debug] [2025-04-24T11:39:02.001Z] Checked if tokens are valid: true, expires at: 1745497384329
[debug] [2025-04-24T11:39:02.002Z] >>> [apiv2][query] GET https://cloudfunctions.googleapis.com/v2/projects/nai-login/locations/us-central1/operations/operation-1745494729312-63384a94c489a-63ca98ec-3bd0c236 [none]
[debug] [2025-04-24T11:39:03.064Z] <<< [apiv2][status] GET https://cloudfunctions.googleapis.com/v2/projects/nai-login/locations/us-central1/operations/operation-1745494729312-63384a94c489a-63ca98ec-3bd0c236 200
[debug] [2025-04-24T11:39:03.064Z] <<< [apiv2][body] GET https://cloudfunctions.googleapis.com/v2/projects/nai-login/locations/us-central1/operations/operation-1745494729312-63384a94c489a-63ca98ec-3bd0c236 {"name":"projects/nai-login/locations/us-central1/operations/operation-1745494729312-63384a94c489a-63ca98ec-3bd0c236","metadata":{"@type":"type.googleapis.com/google.cloud.functions.v2.OperationMetadata","createTime":"2025-04-24T11:38:49.995642960Z","target":"projects/nai-login/locations/us-central1/functions/get_novelai_tokens","verb":"update","cancelRequested":false,"apiVersion":"v2","requestResource":{"@type":"type.googleapis.com/google.cloud.functions.v2.Function","name":"projects/nai-login/locations/us-central1/functions/get_novelai_tokens","buildConfig":{"runtime":"python312","entryPoint":"get_novelai_tokens","source":{"storageSource":{"bucket":"gcf-v2-sources-770510739912-us-central1","object":"get_novelai_tokens/function-source.zip","generation":"1745494729933978"}},"environmentVariables":{"GOOGLE_NODE_RUN_SCRIPTS":""},"dockerRepository":"projects/nai-login/locations/us-central1/repositories/gcf-artifacts","sourceProvenance":{"resolvedStorageSource":{"bucket":"gcf-v2-sources-770510739912-us-central1","object":"get_novelai_tokens/function-source.zip","generation":"1745494523412970"}},"dockerRegistry":"ARTIFACT_REGISTRY","serviceAccount":"projects/nai-login/serviceAccounts/770510739912-compute@developer.gserviceaccount.com","automaticUpdatePolicy":{}},"serviceConfig":{"service":"projects/nai-login/locations/us-central1/services/get-novelai-tokens","timeoutSeconds":60,"environmentVariables":{"FIREBASE_CONFIG":"{\"projectId\":\"nai-login\",\"storageBucket\":\"nai-login.firebasestorage.app\"}","GCLOUD_PROJECT":"nai-login","EVENTARC_CLOUD_EVENT_SOURCE":"projects/nai-login/locations/us-central1/services/get_novelai_tokens","FUNCTION_TARGET":"get_novelai_tokens","LOG_EXECUTION_ID":"true"},"ingressSettings":"ALLOW_ALL","serviceAccountEmail":"770510739912-compute@developer.gserviceaccount.com","availableMemory":"256Mi","maxInstanceRequestConcurrency":80,"availableCpu":"1"},"state":"FAILED","labels":{"firebase-functions-hash":"bcda63182b918dc026b52a23240667f6b856899c"},"stateMessages":[{"severity":"ERROR","type":"CloudRunServiceNotFound","message":"Cloud Run service projects/nai-login/locations/us-central1/services/get-novelai-tokens for the function was not found. The function will not work correctly. Please redeploy."}],"environment":"GEN_2","url":"https://us-central1-nai-login.cloudfunctions.net/get_novelai_tokens","satisfiesPzi":true},"stages":[{"name":"BUILD","message":"Build in progress","state":"IN_PROGRESS","resource":"projects/770510739912/locations/us-central1/builds/fb9d5cc8-287e-4029-9e8d-b66ec1a4c4ed","resourceUri":"https://console.cloud.google.com/cloud-build/builds;region=us-central1/fb9d5cc8-287e-4029-9e8d-b66ec1a4c4ed?project=770510739912"},{"name":"SERVICE","state":"NOT_STARTED"}],"operationType":"UPDATE_FUNCTION","buildName":"projects/770510739912/locations/us-central1/builds/fb9d5cc8-287e-4029-9e8d-b66ec1a4c4ed"},"done":false}
[debug] [2025-04-24T11:39:11.065Z] [update-default-us-central1-get_novelai_tokens] Retrying task index 0
[debug] [2025-04-24T11:39:11.067Z] Checked if tokens are valid: true, expires at: 1745497384329
[debug] [2025-04-24T11:39:11.067Z] Checked if tokens are valid: true, expires at: 1745497384329
[debug] [2025-04-24T11:39:11.067Z] >>> [apiv2][query] GET https://cloudfunctions.googleapis.com/v2/projects/nai-login/locations/us-central1/operations/operation-1745494729312-63384a94c489a-63ca98ec-3bd0c236 [none]
[debug] [2025-04-24T11:39:12.368Z] <<< [apiv2][status] GET https://cloudfunctions.googleapis.com/v2/projects/nai-login/locations/us-central1/operations/operation-1745494729312-63384a94c489a-63ca98ec-3bd0c236 200
[debug] [2025-04-24T11:39:12.368Z] <<< [apiv2][body] GET https://cloudfunctions.googleapis.com/v2/projects/nai-login/locations/us-central1/operations/operation-1745494729312-63384a94c489a-63ca98ec-3bd0c236 {"name":"projects/nai-login/locations/us-central1/operations/operation-1745494729312-63384a94c489a-63ca98ec-3bd0c236","metadata":{"@type":"type.googleapis.com/google.cloud.functions.v2.OperationMetadata","createTime":"2025-04-24T11:38:49.995642960Z","target":"projects/nai-login/locations/us-central1/functions/get_novelai_tokens","verb":"update","cancelRequested":false,"apiVersion":"v2","requestResource":{"@type":"type.googleapis.com/google.cloud.functions.v2.Function","name":"projects/nai-login/locations/us-central1/functions/get_novelai_tokens","buildConfig":{"runtime":"python312","entryPoint":"get_novelai_tokens","source":{"storageSource":{"bucket":"gcf-v2-sources-770510739912-us-central1","object":"get_novelai_tokens/function-source.zip","generation":"1745494729933978"}},"environmentVariables":{"GOOGLE_NODE_RUN_SCRIPTS":""},"dockerRepository":"projects/nai-login/locations/us-central1/repositories/gcf-artifacts","sourceProvenance":{"resolvedStorageSource":{"bucket":"gcf-v2-sources-770510739912-us-central1","object":"get_novelai_tokens/function-source.zip","generation":"1745494523412970"}},"dockerRegistry":"ARTIFACT_REGISTRY","serviceAccount":"projects/nai-login/serviceAccounts/770510739912-compute@developer.gserviceaccount.com","automaticUpdatePolicy":{}},"serviceConfig":{"service":"projects/nai-login/locations/us-central1/services/get-novelai-tokens","timeoutSeconds":60,"environmentVariables":{"FIREBASE_CONFIG":"{\"projectId\":\"nai-login\",\"storageBucket\":\"nai-login.firebasestorage.app\"}","GCLOUD_PROJECT":"nai-login","EVENTARC_CLOUD_EVENT_SOURCE":"projects/nai-login/locations/us-central1/services/get_novelai_tokens","FUNCTION_TARGET":"get_novelai_tokens","LOG_EXECUTION_ID":"true"},"ingressSettings":"ALLOW_ALL","serviceAccountEmail":"770510739912-compute@developer.gserviceaccount.com","availableMemory":"256Mi","maxInstanceRequestConcurrency":80,"availableCpu":"1"},"state":"FAILED","labels":{"firebase-functions-hash":"bcda63182b918dc026b52a23240667f6b856899c"},"stateMessages":[{"severity":"ERROR","type":"CloudRunServiceNotFound","message":"Cloud Run service projects/nai-login/locations/us-central1/services/get-novelai-tokens for the function was not found. The function will not work correctly. Please redeploy."}],"environment":"GEN_2","url":"https://us-central1-nai-login.cloudfunctions.net/get_novelai_tokens","satisfiesPzi":true},"stages":[{"name":"BUILD","message":"Build in progress","state":"IN_PROGRESS","resource":"projects/770510739912/locations/us-central1/builds/fb9d5cc8-287e-4029-9e8d-b66ec1a4c4ed","resourceUri":"https://console.cloud.google.com/cloud-build/builds;region=us-central1/fb9d5cc8-287e-4029-9e8d-b66ec1a4c4ed?project=770510739912"},{"name":"SERVICE","state":"NOT_STARTED"}],"operationType":"UPDATE_FUNCTION","buildName":"projects/770510739912/locations/us-central1/builds/fb9d5cc8-287e-4029-9e8d-b66ec1a4c4ed"},"done":false}
[debug] [2025-04-24T11:39:22.372Z] [update-default-us-central1-get_novelai_tokens] Retrying task index 0
[debug] [2025-04-24T11:39:22.376Z] Checked if tokens are valid: true, expires at: 1745497384329
[debug] [2025-04-24T11:39:22.377Z] Checked if tokens are valid: true, expires at: 1745497384329
[debug] [2025-04-24T11:39:22.377Z] >>> [apiv2][query] GET https://cloudfunctions.googleapis.com/v2/projects/nai-login/locations/us-central1/operations/operation-1745494729312-63384a94c489a-63ca98ec-3bd0c236 [none]
[debug] [2025-04-24T11:39:23.739Z] <<< [apiv2][status] GET https://cloudfunctions.googleapis.com/v2/projects/nai-login/locations/us-central1/operations/operation-1745494729312-63384a94c489a-63ca98ec-3bd0c236 200
[debug] [2025-04-24T11:39:23.740Z] <<< [apiv2][body] GET https://cloudfunctions.googleapis.com/v2/projects/nai-login/locations/us-central1/operations/operation-1745494729312-63384a94c489a-63ca98ec-3bd0c236 {"name":"projects/nai-login/locations/us-central1/operations/operation-1745494729312-63384a94c489a-63ca98ec-3bd0c236","metadata":{"@type":"type.googleapis.com/google.cloud.functions.v2.OperationMetadata","createTime":"2025-04-24T11:38:49.995642960Z","target":"projects/nai-login/locations/us-central1/functions/get_novelai_tokens","verb":"update","cancelRequested":false,"apiVersion":"v2","requestResource":{"@type":"type.googleapis.com/google.cloud.functions.v2.Function","name":"projects/nai-login/locations/us-central1/functions/get_novelai_tokens","buildConfig":{"runtime":"python312","entryPoint":"get_novelai_tokens","source":{"storageSource":{"bucket":"gcf-v2-sources-770510739912-us-central1","object":"get_novelai_tokens/function-source.zip","generation":"1745494729933978"}},"environmentVariables":{"GOOGLE_NODE_RUN_SCRIPTS":""},"dockerRepository":"projects/nai-login/locations/us-central1/repositories/gcf-artifacts","sourceProvenance":{"resolvedStorageSource":{"bucket":"gcf-v2-sources-770510739912-us-central1","object":"get_novelai_tokens/function-source.zip","generation":"1745494523412970"}},"dockerRegistry":"ARTIFACT_REGISTRY","serviceAccount":"projects/nai-login/serviceAccounts/770510739912-compute@developer.gserviceaccount.com","automaticUpdatePolicy":{}},"serviceConfig":{"service":"projects/nai-login/locations/us-central1/services/get-novelai-tokens","timeoutSeconds":60,"environmentVariables":{"FIREBASE_CONFIG":"{\"projectId\":\"nai-login\",\"storageBucket\":\"nai-login.firebasestorage.app\"}","GCLOUD_PROJECT":"nai-login","EVENTARC_CLOUD_EVENT_SOURCE":"projects/nai-login/locations/us-central1/services/get_novelai_tokens","FUNCTION_TARGET":"get_novelai_tokens","LOG_EXECUTION_ID":"true"},"ingressSettings":"ALLOW_ALL","serviceAccountEmail":"770510739912-compute@developer.gserviceaccount.com","availableMemory":"256Mi","maxInstanceRequestConcurrency":80,"availableCpu":"1"},"state":"FAILED","labels":{"firebase-functions-hash":"bcda63182b918dc026b52a23240667f6b856899c"},"stateMessages":[{"severity":"ERROR","type":"CloudRunServiceNotFound","message":"Cloud Run service projects/nai-login/locations/us-central1/services/get-novelai-tokens for the function was not found. The function will not work correctly. Please redeploy."}],"environment":"GEN_2","url":"https://us-central1-nai-login.cloudfunctions.net/get_novelai_tokens","satisfiesPzi":true},"stages":[{"name":"BUILD","message":"Build in progress","state":"IN_PROGRESS","resource":"projects/770510739912/locations/us-central1/builds/fb9d5cc8-287e-4029-9e8d-b66ec1a4c4ed","resourceUri":"https://console.cloud.google.com/cloud-build/builds;region=us-central1/fb9d5cc8-287e-4029-9e8d-b66ec1a4c4ed?project=770510739912"},{"name":"SERVICE","state":"NOT_STARTED"}],"operationType":"UPDATE_FUNCTION","buildName":"projects/770510739912/locations/us-central1/builds/fb9d5cc8-287e-4029-9e8d-b66ec1a4c4ed"},"done":false}
[debug] [2025-04-24T11:39:33.742Z] [update-default-us-central1-get_novelai_tokens] Retrying task index 0
[debug] [2025-04-24T11:39:33.744Z] Checked if tokens are valid: true, expires at: 1745497384329
[debug] [2025-04-24T11:39:33.744Z] Checked if tokens are valid: true, expires at: 1745497384329
[debug] [2025-04-24T11:39:33.744Z] >>> [apiv2][query] GET https://cloudfunctions.googleapis.com/v2/projects/nai-login/locations/us-central1/operations/operation-1745494729312-63384a94c489a-63ca98ec-3bd0c236 [none]
[debug] [2025-04-24T11:39:35.013Z] <<< [apiv2][status] GET https://cloudfunctions.googleapis.com/v2/projects/nai-login/locations/us-central1/operations/operation-1745494729312-63384a94c489a-63ca98ec-3bd0c236 200
[debug] [2025-04-24T11:39:35.014Z] <<< [apiv2][body] GET https://cloudfunctions.googleapis.com/v2/projects/nai-login/locations/us-central1/operations/operation-1745494729312-63384a94c489a-63ca98ec-3bd0c236 {"name":"projects/nai-login/locations/us-central1/operations/operation-1745494729312-63384a94c489a-63ca98ec-3bd0c236","metadata":{"@type":"type.googleapis.com/google.cloud.functions.v2.OperationMetadata","createTime":"2025-04-24T11:38:49.995642960Z","target":"projects/nai-login/locations/us-central1/functions/get_novelai_tokens","verb":"update","cancelRequested":false,"apiVersion":"v2","requestResource":{"@type":"type.googleapis.com/google.cloud.functions.v2.Function","name":"projects/nai-login/locations/us-central1/functions/get_novelai_tokens","buildConfig":{"runtime":"python312","entryPoint":"get_novelai_tokens","source":{"storageSource":{"bucket":"gcf-v2-sources-770510739912-us-central1","object":"get_novelai_tokens/function-source.zip","generation":"1745494729933978"}},"environmentVariables":{"GOOGLE_NODE_RUN_SCRIPTS":""},"dockerRepository":"projects/nai-login/locations/us-central1/repositories/gcf-artifacts","sourceProvenance":{"resolvedStorageSource":{"bucket":"gcf-v2-sources-770510739912-us-central1","object":"get_novelai_tokens/function-source.zip","generation":"1745494523412970"}},"dockerRegistry":"ARTIFACT_REGISTRY","serviceAccount":"projects/nai-login/serviceAccounts/770510739912-compute@developer.gserviceaccount.com","automaticUpdatePolicy":{}},"serviceConfig":{"service":"projects/nai-login/locations/us-central1/services/get-novelai-tokens","timeoutSeconds":60,"environmentVariables":{"FIREBASE_CONFIG":"{\"projectId\":\"nai-login\",\"storageBucket\":\"nai-login.firebasestorage.app\"}","GCLOUD_PROJECT":"nai-login","EVENTARC_CLOUD_EVENT_SOURCE":"projects/nai-login/locations/us-central1/services/get_novelai_tokens","FUNCTION_TARGET":"get_novelai_tokens","LOG_EXECUTION_ID":"true"},"ingressSettings":"ALLOW_ALL","serviceAccountEmail":"770510739912-compute@developer.gserviceaccount.com","availableMemory":"256Mi","maxInstanceRequestConcurrency":80,"availableCpu":"1"},"state":"FAILED","labels":{"firebase-functions-hash":"bcda63182b918dc026b52a23240667f6b856899c"},"stateMessages":[{"severity":"ERROR","type":"CloudRunServiceNotFound","message":"Cloud Run service projects/nai-login/locations/us-central1/services/get-novelai-tokens for the function was not found. The function will not work correctly. Please redeploy."}],"environment":"GEN_2","url":"https://us-central1-nai-login.cloudfunctions.net/get_novelai_tokens","satisfiesPzi":true},"stages":[{"name":"BUILD","message":"Build in progress","state":"IN_PROGRESS","resource":"projects/770510739912/locations/us-central1/builds/fb9d5cc8-287e-4029-9e8d-b66ec1a4c4ed","resourceUri":"https://console.cloud.google.com/cloud-build/builds;region=us-central1/fb9d5cc8-287e-4029-9e8d-b66ec1a4c4ed?project=770510739912"},{"name":"SERVICE","state":"NOT_STARTED"}],"operationType":"UPDATE_FUNCTION","buildName":"projects/770510739912/locations/us-central1/builds/fb9d5cc8-287e-4029-9e8d-b66ec1a4c4ed"},"done":false}
[debug] [2025-04-24T11:39:45.016Z] [update-default-us-central1-get_novelai_tokens] Retrying task index 0
[debug] [2025-04-24T11:39:45.020Z] Checked if tokens are valid: true, expires at: 1745497384329
[debug] [2025-04-24T11:39:45.020Z] Checked if tokens are valid: true, expires at: 1745497384329
[debug] [2025-04-24T11:39:45.021Z] >>> [apiv2][query] GET https://cloudfunctions.googleapis.com/v2/projects/nai-login/locations/us-central1/operations/operation-1745494729312-63384a94c489a-63ca98ec-3bd0c236 [none]
[debug] [2025-04-24T11:39:46.296Z] <<< [apiv2][status] GET https://cloudfunctions.googleapis.com/v2/projects/nai-login/locations/us-central1/operations/operation-1745494729312-63384a94c489a-63ca98ec-3bd0c236 200
[debug] [2025-04-24T11:39:46.296Z] <<< [apiv2][body] GET https://cloudfunctions.googleapis.com/v2/projects/nai-login/locations/us-central1/operations/operation-1745494729312-63384a94c489a-63ca98ec-3bd0c236 {"name":"projects/nai-login/locations/us-central1/operations/operation-1745494729312-63384a94c489a-63ca98ec-3bd0c236","metadata":{"@type":"type.googleapis.com/google.cloud.functions.v2.OperationMetadata","createTime":"2025-04-24T11:38:49.995642960Z","endTime":"2025-04-24T11:39:42.947009579Z","target":"projects/nai-login/locations/us-central1/functions/get_novelai_tokens","verb":"update","cancelRequested":false,"apiVersion":"v2","requestResource":{"@type":"type.googleapis.com/google.cloud.functions.v2.Function","name":"projects/nai-login/locations/us-central1/functions/get_novelai_tokens","buildConfig":{"runtime":"python312","entryPoint":"get_novelai_tokens","source":{"storageSource":{"bucket":"gcf-v2-sources-770510739912-us-central1","object":"get_novelai_tokens/function-source.zip","generation":"1745494729933978"}},"environmentVariables":{"GOOGLE_NODE_RUN_SCRIPTS":""},"dockerRepository":"projects/nai-login/locations/us-central1/repositories/gcf-artifacts","sourceProvenance":{"resolvedStorageSource":{"bucket":"gcf-v2-sources-770510739912-us-central1","object":"get_novelai_tokens/function-source.zip","generation":"1745494523412970"}},"dockerRegistry":"ARTIFACT_REGISTRY","serviceAccount":"projects/nai-login/serviceAccounts/770510739912-compute@developer.gserviceaccount.com","automaticUpdatePolicy":{}},"serviceConfig":{"service":"projects/nai-login/locations/us-central1/services/get-novelai-tokens","timeoutSeconds":60,"environmentVariables":{"FIREBASE_CONFIG":"{\"projectId\":\"nai-login\",\"storageBucket\":\"nai-login.firebasestorage.app\"}","GCLOUD_PROJECT":"nai-login","EVENTARC_CLOUD_EVENT_SOURCE":"projects/nai-login/locations/us-central1/services/get_novelai_tokens","FUNCTION_TARGET":"get_novelai_tokens","LOG_EXECUTION_ID":"true"},"ingressSettings":"ALLOW_ALL","serviceAccountEmail":"770510739912-compute@developer.gserviceaccount.com","availableMemory":"256Mi","maxInstanceRequestConcurrency":80,"availableCpu":"1"},"state":"FAILED","labels":{"firebase-functions-hash":"bcda63182b918dc026b52a23240667f6b856899c"},"stateMessages":[{"severity":"ERROR","type":"CloudRunServiceNotFound","message":"Cloud Run service projects/nai-login/locations/us-central1/services/get-novelai-tokens for the function was not found. The function will not work correctly. Please redeploy."}],"environment":"GEN_2","url":"https://us-central1-nai-login.cloudfunctions.net/get_novelai_tokens","satisfiesPzi":true},"stages":[{"name":"SERVICE","state":"NOT_STARTED"}],"operationType":"UPDATE_FUNCTION"},"done":true,"error":{"code":3,"message":"Could not create or update Cloud Run service get-novelai-tokens, Container Healthcheck failed. Revision 'get-novelai-tokens-00001-muh' is not ready and cannot serve traffic. The user-provided container failed to start and listen on the port defined provided by the PORT=8080 environment variable within the allocated timeout. This can happen when the container port is misconfigured or if the timeout is too short. The health check timeout can be extended. Logs for this revision might contain more information.\n\nLogs URL: https://console.cloud.google.com/logs/viewer?project=nai-login&resource=cloud_run_revision/service_name/get-novelai-tokens/revision_name/get-novelai-tokens-00001-muh&advancedFilter=resource.type%3D%22cloud_run_revision%22%0Aresource.labels.service_name%3D%22get-novelai-tokens%22%0Aresource.labels.revision_name%3D%22get-novelai-tokens-00001-muh%22 \nFor more troubleshooting guidance, see https://cloud.google.com/run/docs/troubleshooting#container-failed-to-start"}}
[debug] [2025-04-24T11:39:46.296Z] Got source token undefined for region us-central1
[error] Could not create or update Cloud Run service get-novelai-tokens, Container Healthcheck failed. Revision 'get-novelai-tokens-00001-muh' is not ready and cannot serve traffic. The user-provided container failed to start and listen on the port defined provided by the PORT=8080 environment variable within the allocated timeout. This can happen when the container port is misconfigured or if the timeout is too short. The health check timeout can be extended. Logs for this revision might contain more information.

Logs URL: https://console.cloud.google.com/logs/viewer?project=nai-login&resource=cloud_run_revision/service_name/get-novelai-tokens/revision_name/get-novelai-tokens-00001-muh&advancedFilter=resource.type%3D%22cloud_run_revision%22%0Aresource.labels.service_name%3D%22get-novelai-tokens%22%0Aresource.labels.revision_name%3D%22get-novelai-tokens-00001-muh%22 
For more troubleshooting guidance, see https://cloud.google.com/run/docs/troubleshooting#container-failed-to-start
[debug] [2025-04-24T11:39:46.320Z] Total Function Deployment time: 57979
[debug] [2025-04-24T11:39:46.320Z] 1 Functions Deployed
[debug] [2025-04-24T11:39:46.320Z] 1 Functions Errored
[debug] [2025-04-24T11:39:46.320Z] 0 Function Deployments Aborted
[debug] [2025-04-24T11:39:46.320Z] Average Function Deployment time: 57977
[info] 
[info] Functions deploy had errors with the following functions:
	get_novelai_tokens(us-central1)
[debug] [2025-04-24T11:39:46.578Z] Not printing URL for HTTPS function. Typically this means it didn't match a filter or we failed deployment
[info] i  functions: cleaning up build files... 
[debug] [2025-04-24T11:39:46.581Z] Checked if tokens are valid: true, expires at: 1745497384329
[debug] [2025-04-24T11:39:46.581Z] Checked if tokens are valid: true, expires at: 1745497384329
[debug] [2025-04-24T11:39:46.582Z] Checked if tokens are valid: true, expires at: 1745497384329
[debug] [2025-04-24T11:39:46.582Z] Checked if tokens are valid: true, expires at: 1745497384329
[debug] [2025-04-24T11:39:46.583Z] >>> [apiv2][query] DELETE https://artifactregistry.googleapis.com/v1beta2/projects/nai-login/locations/us-central1/repositories/gcf-artifacts/packages/get__novelai__tokens [none]
[debug] [2025-04-24T11:39:46.584Z] >>> [apiv2][query] GET https://us.gcr.io/v2/nai-login/gcf/us-central1/tags/list [none]
[debug] [2025-04-24T11:39:47.187Z] <<< [apiv2][status] GET https://us.gcr.io/v2/nai-login/gcf/us-central1/tags/list 404
[debug] [2025-04-24T11:39:47.187Z] <<< [apiv2][body] GET https://us.gcr.io/v2/nai-login/gcf/us-central1/tags/list {"errors":[{"code":"NAME_UNKNOWN","message":"Repository \"us.gcr.io\" not found"}]}
[debug] [2025-04-24T11:39:47.189Z] Failed docker command with error  Request to https://us.gcr.io/v2/nai-login/gcf/us-central1/tags/list had HTTP Error: 404, Not Found {"name":"FirebaseError","children":[],"context":{"body":{"errors":[{"code":"NAME_UNKNOWN","message":"Repository \"us.gcr.io\" not found"}],"error":{"message":"Not Found"}},"response":{"statusCode":404}},"exit":1,"message":"Request to https://us.gcr.io/v2/nai-login/gcf/us-central1/tags/list had HTTP Error: 404, Not Found","status":404}
[debug] [2025-04-24T11:39:47.191Z] Checked if tokens are valid: true, expires at: 1745497384329
[debug] [2025-04-24T11:39:47.191Z] Checked if tokens are valid: true, expires at: 1745497384329
[debug] [2025-04-24T11:39:47.191Z] >>> [apiv2][query] GET https://us.gcr.io/v2/nai-login/gcf/us-central1/tags/list [none]
[debug] [2025-04-24T11:39:47.600Z] <<< [apiv2][status] GET https://us.gcr.io/v2/nai-login/gcf/us-central1/tags/list 404
[debug] [2025-04-24T11:39:47.601Z] <<< [apiv2][body] GET https://us.gcr.io/v2/nai-login/gcf/us-central1/tags/list {"errors":[{"code":"NAME_UNKNOWN","message":"Repository \"us.gcr.io\" not found"}]}
[debug] [2025-04-24T11:39:47.601Z] Failed docker command with error  Request to https://us.gcr.io/v2/nai-login/gcf/us-central1/tags/list had HTTP Error: 404, Not Found {"name":"FirebaseError","children":[],"context":{"body":{"errors":[{"code":"NAME_UNKNOWN","message":"Repository \"us.gcr.io\" not found"}],"error":{"message":"Not Found"}},"response":{"statusCode":404}},"exit":1,"message":"Request to https://us.gcr.io/v2/nai-login/gcf/us-central1/tags/list had HTTP Error: 404, Not Found","status":404}
[debug] [2025-04-24T11:39:47.703Z] Checked if tokens are valid: true, expires at: 1745497384329
[debug] [2025-04-24T11:39:47.704Z] Checked if tokens are valid: true, expires at: 1745497384329
[debug] [2025-04-24T11:39:47.704Z] >>> [apiv2][query] GET https://us.gcr.io/v2/nai-login/gcf/us-central1/tags/list [none]
[debug] [2025-04-24T11:39:47.737Z] <<< [apiv2][status] DELETE https://artifactregistry.googleapis.com/v1beta2/projects/nai-login/locations/us-central1/repositories/gcf-artifacts/packages/get__novelai__tokens 404
[debug] [2025-04-24T11:39:47.738Z] <<< [apiv2][body] DELETE https://artifactregistry.googleapis.com/v1beta2/projects/nai-login/locations/us-central1/repositories/gcf-artifacts/packages/get__novelai__tokens {"error":{"code":404,"message":"Package \"projects/nai-login/locations/us-central1/repositories/gcf-artifacts/packages/get__novelai__tokens\" was not found.","status":"NOT_FOUND"}}
[debug] [2025-04-24T11:39:48.104Z] <<< [apiv2][status] GET https://us.gcr.io/v2/nai-login/gcf/us-central1/tags/list 404
[debug] [2025-04-24T11:39:48.104Z] <<< [apiv2][body] GET https://us.gcr.io/v2/nai-login/gcf/us-central1/tags/list {"errors":[{"code":"NAME_UNKNOWN","message":"Repository \"us.gcr.io\" not found"}]}
[debug] [2025-04-24T11:39:48.104Z] Failed docker command with error  Request to https://us.gcr.io/v2/nai-login/gcf/us-central1/tags/list had HTTP Error: 404, Not Found {"name":"FirebaseError","children":[],"context":{"body":{"errors":[{"code":"NAME_UNKNOWN","message":"Repository \"us.gcr.io\" not found"}],"error":{"message":"Not Found"}},"response":{"statusCode":404}},"exit":1,"message":"Request to https://us.gcr.io/v2/nai-login/gcf/us-central1/tags/list had HTTP Error: 404, Not Found","status":404}
[warn] ⚠  functions: Unhandled error cleaning up build images. This could result in a small monthly bill if not corrected. You can attempt to delete these images by redeploying or you can delete them manually at https://console.cloud.google.com/gcr/images/nai-login/us/gcf 
[debug] [2025-04-24T11:39:48.105Z] Functions deploy failed.
[debug] [2025-04-24T11:39:48.105Z] {
  "endpoint": {
    "id": "get_novelai_tokens",
    "project": "nai-login",
    "region": "us-central1",
    "entryPoint": "get_novelai_tokens",
    "platform": "gcfv2",
    "runtime": "python312",
    "httpsTrigger": {},
    "labels": {
      "deployment-tool": "cli-firebase"
    },
    "secretEnvironmentVariables": [],
    "ingressSettings": null,
    "availableMemoryMb": null,
    "serviceAccount": null,
    "timeoutSeconds": null,
    "maxInstances": null,
    "minInstances": null,
    "concurrency": 80,
    "environmentVariables": {
      "FIREBASE_CONFIG": "{\"projectId\":\"nai-login\",\"storageBucket\":\"nai-login.firebasestorage.app\"}",
      "GCLOUD_PROJECT": "nai-login",
      "EVENTARC_CLOUD_EVENT_SOURCE": "projects/nai-login/locations/us-central1/services/get_novelai_tokens"
    },
    "codebase": "default",
    "securityLevel": "SECURE_ALWAYS",
    "cpu": 1,
    "targetedByOnly": true,
    "hash": "bcda63182b918dc026b52a23240667f6b856899c"
  },
  "op": "update",
  "original": {
    "name": "FirebaseError",
    "children": [],
    "exit": 1,
    "message": "Could not create or update Cloud Run service get-novelai-tokens, Container Healthcheck failed. Revision 'get-novelai-tokens-00001-muh' is not ready and cannot serve traffic. The user-provided container failed to start and listen on the port defined provided by the PORT=8080 environment variable within the allocated timeout. This can happen when the container port is misconfigured or if the timeout is too short. The health check timeout can be extended. Logs for this revision might contain more information.\n\nLogs URL: https://console.cloud.google.com/logs/viewer?project=nai-login&resource=cloud_run_revision/service_name/get-novelai-tokens/revision_name/get-novelai-tokens-00001-muh&advancedFilter=resource.type%3D%22cloud_run_revision%22%0Aresource.labels.service_name%3D%22get-novelai-tokens%22%0Aresource.labels.revision_name%3D%22get-novelai-tokens-00001-muh%22 \nFor more troubleshooting guidance, see https://cloud.google.com/run/docs/troubleshooting#container-failed-to-start",
    "original": {
      "code": 3,
      "message": "Could not create or update Cloud Run service get-novelai-tokens, Container Healthcheck failed. Revision 'get-novelai-tokens-00001-muh' is not ready and cannot serve traffic. The user-provided container failed to start and listen on the port defined provided by the PORT=8080 environment variable within the allocated timeout. This can happen when the container port is misconfigured or if the timeout is too short. The health check timeout can be extended. Logs for this revision might contain more information.\n\nLogs URL: https://console.cloud.google.com/logs/viewer?project=nai-login&resource=cloud_run_revision/service_name/get-novelai-tokens/revision_name/get-novelai-tokens-00001-muh&advancedFilter=resource.type%3D%22cloud_run_revision%22%0Aresource.labels.service_name%3D%22get-novelai-tokens%22%0Aresource.labels.revision_name%3D%22get-novelai-tokens-00001-muh%22 \nFor more troubleshooting guidance, see https://cloud.google.com/run/docs/troubleshooting#container-failed-to-start"
    },
    "status": 3,
    "code": 3
  }
}
[debug] [2025-04-24T11:39:48.190Z] Error: Failed to update function get_novelai_tokens in region us-central1
    at /usr/local/lib/node_modules/firebase-tools/lib/deploy/functions/release/fabricator.js:399:19
    at process.processTicksAndRejections (node:internal/process/task_queues:105:5)
    at async Fabricator.updateV2Function (/usr/local/lib/node_modules/firebase-tools/lib/deploy/functions/release/fabricator.js:388:32)
    at async Fabricator.updateEndpoint (/usr/local/lib/node_modules/firebase-tools/lib/deploy/functions/release/fabricator.js:155:13)
    at async handle (/usr/local/lib/node_modules/firebase-tools/lib/deploy/functions/release/fabricator.js:89:17)
[error] 
[error] Error: There was an error deploying functions
